d:\dev\projects\active\practice\practice\debug\vc142.pdb
d:\dev\projects\active\practice\practice\debug\vc142.idb
d:\dev\projects\active\practice\practice\debug\system.obj
d:\dev\projects\active\practice\practice\debug\main.obj
d:\dev\projects\active\practice\practice\debug\defaultscene.obj
d:\dev\projects\active\practice\practice\debug\scene.obj
d:\dev\projects\active\practice\debug\practice.pdb
d:\dev\projects\active\practice\practice\debug\practice.tlog\cl.command.1.tlog
d:\dev\projects\active\practice\practice\debug\practice.tlog\cl.read.1.tlog
d:\dev\projects\active\practice\practice\debug\practice.tlog\cl.write.1.tlog
d:\dev\projects\active\practice\practice\debug\practice.tlog\link-cvtres.read.1.tlog
d:\dev\projects\active\practice\practice\debug\practice.tlog\link-cvtres.write.1.tlog
d:\dev\projects\active\practice\practice\debug\practice.tlog\link-rc.read.1.tlog
d:\dev\projects\active\practice\practice\debug\practice.tlog\link-rc.write.1.tlog
d:\dev\projects\active\practice\practice\debug\practice.tlog\link.23828-cvtres.read.1.tlog
d:\dev\projects\active\practice\practice\debug\practice.tlog\link.23828-cvtres.write.1.tlog
d:\dev\projects\active\practice\practice\debug\practice.tlog\link.23828-rc.read.1.tlog
d:\dev\projects\active\practice\practice\debug\practice.tlog\link.23828-rc.write.1.tlog
d:\dev\projects\active\practice\practice\debug\practice.tlog\link.23828.read.1.tlog
d:\dev\projects\active\practice\practice\debug\practice.tlog\link.23828.write.1.tlog
d:\dev\projects\active\practice\practice\debug\practice.tlog\link.command.1.tlog
d:\dev\projects\active\practice\practice\debug\practice.tlog\link.read.1.tlog
d:\dev\projects\active\practice\practice\debug\practice.tlog\link.write.1.tlog
